********************************************************************************
DUPLICATOR-LITE PACKAGE-LOG: 2018-05-29 11:45
NOTICE: Do NOT post to public sites or forums 
********************************************************************************
VERSION:	1.2.38
WORDPRESS:	4.9.6
PHP INFO:	7.2.4 | SAPI: apache2handler
SERVER:		Apache/2.4.33 (Win32) OpenSSL/1.1.0g PHP/7.2.4 
PHP TIME LIMIT: (0) no time limit imposed 
PHP MAX MEMORY: 2048M (128M default) 
MEMORY STACK: 22MB 

********************************************************************************
DATABASE:
********************************************************************************
BUILD MODE:   MYSQLDUMP
MYSQLTIMEOUT: 5000
MYSQLDUMP:    Is Supported 
FILTERED: [] 
RESPONSE: Ran from C:/xampp/mysql/bin/mysqldump.exe 
TABLES: total:13 | filtered:0 | create:13 
SQL CREATED: 20180529_vilmantobaigiamasisprojektas_cc78d6ab0ae6b6141757180529114441_database.sql 
SQL FILE SIZE: 489.51KB (501257) 
SQL FILE TIME: 2018-05-29 11:45:02 
SQL RUNTIME: 0.85 sec. 

******************************************************************************** 
ARCHIVE (ZIP): 
******************************************************************************** 
ARCHIVE DIR:  C:/xampp/htdocs/projektas 
ARCHIVE FILE: 20180529_vilmantobaigiamasisprojektas_cc78d6ab0ae6b6141757180529114441_archive.zip 
FILTERS: *OFF* 
DIRS:
	not set 
FILES:
	not set 
EXTS:  not set 
---------------------------------------- 
COMPRESSING 
SIZE:	38.27MB 
STATS:	Dirs 209 | Files 1,859 
SQL ADDED: 20180529_vilmantobaigiamasisprojektas_cc78d6ab0ae6b6141757180529114441_database.sql 
ZipArchive Object
(
    [status] => 0
    [statusSys] => 0
    [numFiles] => 2068
    [filename] => C:\xampp\htdocs\projektas\wp-snapshots\tmp\20180529_vilmantobaigiamasisprojektas_cc78d6ab0ae6b6141757180529114441_archive.zip
    [comment] => 
)
 
COMPRESSION RESULT: '1' 
COMPRESSED SIZE: 15.51MB 
ARCHIVE RUNTIME: 48.28 sec. 
MEMORY STACK: 22MB 

******************************************************************************** 
MAKE INSTALLER: 
******************************************************************************** 
Build Start 
Build Finished 
Preping for use 
PACK SIZE:  
Template parsed with new data 
Complete [C:/xampp/htdocs/projektas/wp-snapshots/tmp/20180529_vilmantobaigiamasisprojektas_cc78d6ab0ae6b6141757180529114441_installer.php] 
Added to archive 

******************************************************************************** 
INTEGRITY CHECKS: 
******************************************************************************** 
SQL File: 489.51KB 
Installer File: 445.93KB 
Archive File: 15.51MB  

********************************************************************************
RECORD ID:[1]
TOTAL PROCESS RUNTIME: 62.86 sec.
PEAK PHP MEMORY USED: 24MB
DONE PROCESSING => 20180529_vilmantobaigiamasisprojektas 2018-05-29 11:46
 
